
CS:APP Performance Lab: Grading Sheet for sanjit-kernels.c

Part 1: Compiling the driver

gcc -Wall -O2   -c -o driver.o driver.c
gcc -Wall -O2   -c -o kernels.o kernels.c
gcc -Wall -O2   -c -o fcyc.o fcyc.c
gcc -Wall -O2   -c -o clock.o clock.c
gcc -Wall -O2 driver.o kernels.o fcyc.o clock.o -lm -o driver


Part 2: Running the driver with the -g autograder option

Teamname: solution
Member 1: Sanjit Seshia
Email 1: sanjit@nowhere.edu

Rotate: Version = rotate() function:
Dim		64	128	256	512	1024	Mean
Your CPEs	8.0	9.1	14.9	22.0	25.6
Baseline CPEs	14.7	40.1	46.4	65.9	94.5
Speedup		1.8	4.4	3.1	3.0	3.7	3.1

Smooth: Version = smooth() function:
Dim		32	64	128	256	512	Mean
Your CPEs	41.4	41.5	43.6	54.7	56.2
Baseline CPEs	695.0	698.0	702.0	717.0	722.0
Speedup		16.8	16.8	16.1	13.1	12.8	15.0


bestscores:3.1:15.0:


Part 3: Grade

Rotate:  50 /  50
Smooth:  50 /  50

Total : 100 / 100
